Arguments: 
  /usr/local/bin/node /Users/mrcoolbiz/.yarn/bin/yarn.js install

PATH: 
  /Users/mrcoolbiz/.yarn/bin:/Users/mrcoolbiz/.config/yarn/global/node_modules/.bin:/usr/local/bin:/usr/bin:/bin:/usr/sbin:/sbin:/Library/Apple/usr/bin:/Users/mrcoolbiz/.yarn/bin:/Users/mrcoolbiz/.config/yarn/global/node_modules/.bin

Yarn version: 
  1.22.5

Node version: 
  12.18.0

Platform: 
  darwin x64

Trace: 
  Error: Invalid protocol: hnpmttps:
      at Request.module.exports.Request.init (/Users/mrcoolbiz/.yarn/lib/cli.js:141018:31)
      at new Request (/Users/mrcoolbiz/.yarn/lib/cli.js:140691:8)
      at request (/Users/mrcoolbiz/.yarn/lib/cli.js:137597:10)
      at RequestManager.execute (/Users/mrcoolbiz/.yarn/lib/cli.js:67040:15)
      at RequestManager.shiftQueue (/Users/mrcoolbiz/.yarn/lib/cli.js:67078:10)
      at /Users/mrcoolbiz/.yarn/lib/cli.js:66747:13
      at new Promise (<anonymous>)
      at new F (/Users/mrcoolbiz/.yarn/lib/cli.js:5301:28)
      at RequestManager.request (/Users/mrcoolbiz/.yarn/lib/cli.js:66745:19)
      at NpmRegistry.<anonymous> (/Users/mrcoolbiz/.yarn/lib/cli.js:31704:42)

npm manifest: 
  {
    "main": "node_modules/expo/AppEntry.js",
    "scripts": {
      "start": "expo start",
      "android": "expo start --android",
      "ios": "expo start --ios",
      "web": "expo start --web",
      "eject": "expo eject"
    },
    "dependencies": {
      "@eva-design/eva": "^2.1.0",
      "@react-native-community/masked-view": "0.1.11",
      "@react-navigation/native": "^5.9.4",
      "@react-navigation/stack": "^5.14.5",
      "@ui-kitten/components": "^5.1.0",
      "expo": "~41.0.1",
      "react": "~17.0.2",
      "react-dom": "~17.0.2",
      "react-native": "hnpmttps://github.com/expo/react-native/archive/sdk-37.0.1.tar.gz",
      "react-native-gesture-handler": "~1.10.3",
      "react-native-reanimated": "~2.2.0",
      "react-native-safe-area-context": "3.2.0",
      "react-native-screens": "~3.3.0",
      "react-native-svg": "12.1.1",
      "react-native-web": "~0.16.5"
    },
    "devDependencies": {
      "babel-preset-expo": "~8.3.0",
      "@babel/core": "^7.14.5"
    },
    "private": true
  }

yarn manifest: 
  No manifest

Lockfile: 
  No lockfile
